2020-08-09 13:55:10,630:INFO:PyCaret Regression Module
2020-08-09 13:55:10,630:INFO:version 2.0
2020-08-09 13:55:10,630:INFO:Initializing setup()
2020-08-09 13:55:10,631:INFO:USI: f88b
2020-08-09 13:55:10,631:INFO:setup(data=(1338, 7), target=charges, train_size=0.7, sampling=True, sample_estimator=None, categorical_features=None, categorical_imputation=constant, ordinal_features=None,
                    high_cardinality_features=None, high_cardinality_method=frequency, numeric_features=None, numeric_imputation=mean, date_features=None, ignore_features=None, normalize=False,
                    normalize_method=zscore, transformation=False, transformation_method=yeo-johnson, handle_unknown_categorical=True, unknown_categorical_method=least_frequent, pca=False, pca_method=linear,
                    pca_components=None, ignore_low_variance=False, combine_rare_levels=False, rare_level_threshold=0.1, bin_numeric_features=None, remove_outliers=False, outliers_threshold=0.05,
                    remove_multicollinearity=False, multicollinearity_threshold=0.9, remove_perfect_collinearity=False, create_clusters=False, cluster_iter=20,
                    polynomial_features=False, polynomial_degree=2, trigonometry_features=False, polynomial_threshold=0.1, group_features=None,
                    group_names=None, feature_selection=False, feature_selection_threshold=0.8, feature_interaction=False, feature_ratio=False, interaction_threshold=0.01, transform_target=False,
                    transform_target_method=box-cox, data_split_shuffle=True, folds_shuffle=False, n_jobs=-1, html=True, session_id=123, log_experiment=False,
                    experiment_name=None, log_plots=False, log_profile=False, log_data=False, silent=False, verbose=True, profile=False)
2020-08-09 13:55:10,679:INFO:Checking environment
2020-08-09 13:55:10,679:INFO:python_version: 3.7.7
2020-08-09 13:55:10,679:INFO:python_build: ('default', 'May  6 2020 11:45:54')
2020-08-09 13:55:10,679:INFO:machine: AMD64
2020-08-09 13:55:10,686:INFO:platform: Windows-10-10.0.18362-SP0
2020-08-09 13:55:10,688:WARNING:cannot find psutil installation. memory not traceable. Install psutil using pip to enable memory logging. 
2020-08-09 13:55:10,689:INFO:Checking libraries
2020-08-09 13:55:10,689:INFO:pd==1.1.0
2020-08-09 13:55:10,689:INFO:numpy==1.19.1
2020-08-09 13:55:12,128:INFO:sklearn==0.23.2
2020-08-09 13:55:12,656:INFO:xgboost==1.1.1
2020-08-09 13:55:12,822:INFO:lightgbm==2.3.1
2020-08-09 13:55:12,943:INFO:catboost==0.24
2020-08-09 13:55:19,730:INFO:mlflow==1.10.0
2020-08-09 13:55:19,731:INFO:Checking Exceptions
2020-08-09 13:55:19,732:INFO:Preloading libraries
2020-08-09 13:55:19,732:INFO:Preparing display monitor
2020-08-09 13:55:19,790:INFO:Importing libraries
2020-08-09 13:55:28,534:INFO:Copying data for preprocessing
2020-08-09 13:55:28,535:INFO:Declaring global variables
2020-08-09 13:55:28,546:INFO:Declaring preprocessing parameters
2020-08-09 13:55:28,546:INFO:Importing preprocessing module
2020-08-09 13:55:29,586:INFO:Creating preprocessing pipeline
2020-08-09 13:55:37,066:INFO:Preprocessing pipeline created successfully
2020-08-09 13:55:37,066:INFO:No inverse transformer found
2020-08-09 13:55:37,067:INFO:Creating grid variables
2020-08-09 13:55:37,070:INFO:Creating global containers
2020-08-09 13:55:37,240:INFO:create_model_container: 0
2020-08-09 13:55:37,240:INFO:master_model_container: 0
2020-08-09 13:55:37,240:INFO:display_container: 0
2020-08-09 13:55:37,241:INFO:setup() succesfully completed......................................
2020-08-09 13:55:41,174:INFO:PyCaret Regression Module
2020-08-09 13:55:41,174:INFO:version 2.0
2020-08-09 13:55:41,175:INFO:Initializing setup()
2020-08-09 13:55:41,175:INFO:USI: 8055
2020-08-09 13:55:41,175:INFO:setup(data=(1338, 7), target=charges, train_size=0.7, sampling=True, sample_estimator=None, categorical_features=None, categorical_imputation=constant, ordinal_features=None,
                    high_cardinality_features=None, high_cardinality_method=frequency, numeric_features=None, numeric_imputation=mean, date_features=None, ignore_features=None, normalize=False,
                    normalize_method=zscore, transformation=False, transformation_method=yeo-johnson, handle_unknown_categorical=True, unknown_categorical_method=least_frequent, pca=False, pca_method=linear,
                    pca_components=None, ignore_low_variance=False, combine_rare_levels=False, rare_level_threshold=0.1, bin_numeric_features=None, remove_outliers=False, outliers_threshold=0.05,
                    remove_multicollinearity=False, multicollinearity_threshold=0.9, remove_perfect_collinearity=False, create_clusters=False, cluster_iter=20,
                    polynomial_features=False, polynomial_degree=2, trigonometry_features=False, polynomial_threshold=0.1, group_features=None,
                    group_names=None, feature_selection=False, feature_selection_threshold=0.8, feature_interaction=False, feature_ratio=False, interaction_threshold=0.01, transform_target=False,
                    transform_target_method=box-cox, data_split_shuffle=True, folds_shuffle=False, n_jobs=-1, html=True, session_id=123, log_experiment=False,
                    experiment_name=None, log_plots=False, log_profile=False, log_data=False, silent=False, verbose=True, profile=False)
2020-08-09 13:55:41,176:INFO:Checking environment
2020-08-09 13:55:41,176:INFO:python_version: 3.7.7
2020-08-09 13:55:41,176:INFO:python_build: ('default', 'May  6 2020 11:45:54')
2020-08-09 13:55:41,176:INFO:machine: AMD64
2020-08-09 13:55:41,177:INFO:platform: Windows-10-10.0.18362-SP0
2020-08-09 13:55:41,178:WARNING:cannot find psutil installation. memory not traceable. Install psutil using pip to enable memory logging. 
2020-08-09 13:55:41,179:INFO:Checking libraries
2020-08-09 13:55:41,179:INFO:pd==1.1.0
2020-08-09 13:55:41,179:INFO:numpy==1.19.1
2020-08-09 13:55:41,179:INFO:sklearn==0.23.2
2020-08-09 13:55:41,179:INFO:xgboost==1.1.1
2020-08-09 13:55:41,179:INFO:lightgbm==2.3.1
2020-08-09 13:55:41,180:INFO:catboost==0.24
2020-08-09 13:55:41,180:INFO:mlflow==1.10.0
2020-08-09 13:55:41,180:INFO:Checking Exceptions
2020-08-09 13:55:41,180:INFO:Preloading libraries
2020-08-09 13:55:41,180:INFO:Preparing display monitor
2020-08-09 13:55:41,213:INFO:Importing libraries
2020-08-09 13:55:41,238:INFO:Copying data for preprocessing
2020-08-09 13:55:41,239:INFO:Declaring global variables
2020-08-09 13:55:41,257:INFO:Declaring preprocessing parameters
2020-08-09 13:55:41,258:INFO:Importing preprocessing module
2020-08-09 13:55:41,258:INFO:Creating preprocessing pipeline
2020-08-09 13:55:44,401:INFO:Preprocessing pipeline created successfully
2020-08-09 13:55:44,401:INFO:No inverse transformer found
2020-08-09 13:55:44,401:INFO:Creating grid variables
2020-08-09 13:55:44,406:INFO:Creating global containers
2020-08-09 13:55:44,472:INFO:create_model_container: 0
2020-08-09 13:55:44,472:INFO:master_model_container: 0
2020-08-09 13:55:44,473:INFO:display_container: 0
2020-08-09 13:55:44,473:INFO:setup() succesfully completed......................................
2020-08-09 13:55:45,930:INFO:Initializing create_model()
2020-08-09 13:55:45,930:INFO:create_model(estimator=lr, ensemble=False, method=None, fold=10, round=4, cross_validation=True, verbose=True, system=True)
2020-08-09 13:55:45,930:INFO:Checking exceptions
2020-08-09 13:55:45,930:INFO:Preloading libraries
2020-08-09 13:55:45,931:INFO:Preparing display monitor
2020-08-09 13:55:45,992:INFO:Copying training dataset
2020-08-09 13:55:45,996:INFO:Importing libraries
2020-08-09 13:55:46,002:INFO:Defining folds
2020-08-09 13:55:46,003:INFO:Declaring metric variables
2020-08-09 13:55:46,018:INFO:Linear Regression Imported succesfully
2020-08-09 13:55:46,020:INFO:Checking ensemble method
2020-08-09 13:55:46,034:INFO:Initializing Fold 1
2020-08-09 13:55:46,057:INFO:Fitting Model
2020-08-09 13:55:46,465:INFO:Evaluating Metrics
2020-08-09 13:55:46,483:INFO:No inverse transformation
2020-08-09 13:55:46,483:INFO:Compiling Metrics
2020-08-09 13:55:46,534:INFO:Initializing Fold 2
2020-08-09 13:55:46,554:INFO:Fitting Model
2020-08-09 13:55:46,565:INFO:Evaluating Metrics
2020-08-09 13:55:46,570:INFO:No inverse transformation
2020-08-09 13:55:46,571:INFO:Compiling Metrics
2020-08-09 13:55:46,648:INFO:Initializing Fold 3
2020-08-09 13:55:46,671:INFO:Fitting Model
2020-08-09 13:55:46,681:INFO:Evaluating Metrics
2020-08-09 13:55:46,690:INFO:No inverse transformation
2020-08-09 13:55:46,690:INFO:Compiling Metrics
2020-08-09 13:55:46,756:INFO:Initializing Fold 4
2020-08-09 13:55:46,771:INFO:Fitting Model
2020-08-09 13:55:46,780:INFO:Evaluating Metrics
2020-08-09 13:55:46,783:INFO:No inverse transformation
2020-08-09 13:55:46,784:INFO:Compiling Metrics
2020-08-09 13:55:46,837:INFO:Initializing Fold 5
2020-08-09 13:55:46,856:INFO:Fitting Model
2020-08-09 13:55:46,866:INFO:Evaluating Metrics
2020-08-09 13:55:46,871:INFO:No inverse transformation
2020-08-09 13:55:46,872:INFO:Compiling Metrics
2020-08-09 13:55:46,933:INFO:Initializing Fold 6
2020-08-09 13:55:46,950:INFO:Fitting Model
2020-08-09 13:55:46,959:INFO:Evaluating Metrics
2020-08-09 13:55:46,966:INFO:No inverse transformation
2020-08-09 13:55:46,967:INFO:Compiling Metrics
2020-08-09 13:55:47,018:INFO:Initializing Fold 7
2020-08-09 13:55:47,034:INFO:Fitting Model
2020-08-09 13:55:47,043:INFO:Evaluating Metrics
2020-08-09 13:55:47,050:INFO:No inverse transformation
2020-08-09 13:55:47,050:INFO:Compiling Metrics
2020-08-09 13:55:47,114:INFO:Initializing Fold 8
2020-08-09 13:55:47,130:INFO:Fitting Model
2020-08-09 13:55:47,140:INFO:Evaluating Metrics
2020-08-09 13:55:47,147:INFO:No inverse transformation
2020-08-09 13:55:47,148:INFO:Compiling Metrics
2020-08-09 13:55:47,212:INFO:Initializing Fold 9
2020-08-09 13:55:47,231:INFO:Fitting Model
2020-08-09 13:55:47,239:INFO:Evaluating Metrics
2020-08-09 13:55:47,246:INFO:No inverse transformation
2020-08-09 13:55:47,246:INFO:Compiling Metrics
2020-08-09 13:55:47,308:INFO:Initializing Fold 10
2020-08-09 13:55:47,325:INFO:Fitting Model
2020-08-09 13:55:47,336:INFO:Evaluating Metrics
2020-08-09 13:55:47,341:INFO:No inverse transformation
2020-08-09 13:55:47,341:INFO:Compiling Metrics
2020-08-09 13:55:47,400:INFO:Calculating mean and std
2020-08-09 13:55:47,403:INFO:Creating metrics dataframe
2020-08-09 13:55:47,432:INFO:Finalizing model
2020-08-09 13:55:47,445:INFO:Uploading results into container
2020-08-09 13:55:47,445:INFO:Uploading model into container
2020-08-09 13:55:47,497:INFO:create_model_container: 1
2020-08-09 13:55:47,497:INFO:master_model_container: 1
2020-08-09 13:55:47,497:INFO:display_container: 1
2020-08-09 13:55:47,498:INFO:LinearRegression(copy_X=True, fit_intercept=True, n_jobs=-1, normalize=False)
2020-08-09 13:55:47,498:INFO:create_model() succesfully completed......................................
2020-08-09 13:55:47,971:INFO:Initializing plot_model()
2020-08-09 13:55:47,971:INFO:plot_model(estimator=LinearRegression(copy_X=True, fit_intercept=True, n_jobs=-1, normalize=False), plot=residuals, save=False, verbose=True, system=True)
2020-08-09 13:55:47,972:INFO:Checking exceptions
2020-08-09 13:55:47,972:INFO:Preloading libraries
2020-08-09 13:55:47,972:INFO:Preparing display monitor
2020-08-09 13:55:47,994:INFO:Importing libraries
2020-08-09 13:55:47,996:INFO:plot type: residuals
2020-08-09 13:55:48,975:INFO:Fitting Model
2020-08-09 13:55:49,118:INFO:Scoring test/hold-out set
2020-08-09 13:55:51,487:INFO:Visual Rendered Successfully
2020-08-09 13:55:51,509:INFO:plot_model() succesfully completed......................................
2020-08-09 13:55:51,577:INFO:PyCaret Regression Module
2020-08-09 13:55:51,578:INFO:version 2.0
2020-08-09 13:55:51,578:INFO:Initializing setup()
2020-08-09 13:55:51,578:INFO:USI: 4aa1
2020-08-09 13:55:51,578:INFO:setup(data=(1338, 7), target=charges, train_size=0.7, sampling=True, sample_estimator=None, categorical_features=None, categorical_imputation=constant, ordinal_features=None,
                    high_cardinality_features=None, high_cardinality_method=frequency, numeric_features=None, numeric_imputation=mean, date_features=None, ignore_features=None, normalize=True,
                    normalize_method=zscore, transformation=False, transformation_method=yeo-johnson, handle_unknown_categorical=True, unknown_categorical_method=least_frequent, pca=False, pca_method=linear,
                    pca_components=None, ignore_low_variance=False, combine_rare_levels=False, rare_level_threshold=0.1, bin_numeric_features=['age', 'bmi'], remove_outliers=False, outliers_threshold=0.05,
                    remove_multicollinearity=False, multicollinearity_threshold=0.9, remove_perfect_collinearity=False, create_clusters=False, cluster_iter=20,
                    polynomial_features=True, polynomial_degree=2, trigonometry_features=True, polynomial_threshold=0.1, group_features=None,
                    group_names=None, feature_selection=False, feature_selection_threshold=0.8, feature_interaction=True, feature_ratio=False, interaction_threshold=0.01, transform_target=False,
                    transform_target_method=box-cox, data_split_shuffle=True, folds_shuffle=False, n_jobs=-1, html=True, session_id=123, log_experiment=False,
                    experiment_name=None, log_plots=False, log_profile=False, log_data=False, silent=False, verbose=True, profile=False)
2020-08-09 13:55:51,579:INFO:Checking environment
2020-08-09 13:55:51,579:INFO:python_version: 3.7.7
2020-08-09 13:55:51,579:INFO:python_build: ('default', 'May  6 2020 11:45:54')
2020-08-09 13:55:51,580:INFO:machine: AMD64
2020-08-09 13:55:51,580:INFO:platform: Windows-10-10.0.18362-SP0
2020-08-09 13:55:51,582:WARNING:cannot find psutil installation. memory not traceable. Install psutil using pip to enable memory logging. 
2020-08-09 13:55:51,582:INFO:Checking libraries
2020-08-09 13:55:51,582:INFO:pd==1.1.0
2020-08-09 13:55:51,583:INFO:numpy==1.19.1
2020-08-09 13:55:51,583:INFO:sklearn==0.23.2
2020-08-09 13:55:51,583:INFO:xgboost==1.1.1
2020-08-09 13:55:51,583:INFO:lightgbm==2.3.1
2020-08-09 13:55:51,583:INFO:catboost==0.24
2020-08-09 13:55:51,584:INFO:mlflow==1.10.0
2020-08-09 13:55:51,584:INFO:Checking Exceptions
2020-08-09 13:55:51,584:INFO:Preloading libraries
2020-08-09 13:55:51,584:INFO:Preparing display monitor
2020-08-09 13:55:51,627:INFO:Importing libraries
2020-08-09 13:55:51,645:INFO:Copying data for preprocessing
2020-08-09 13:55:51,645:INFO:Declaring global variables
2020-08-09 13:55:51,655:INFO:Declaring preprocessing parameters
2020-08-09 13:55:51,655:INFO:Importing preprocessing module
2020-08-09 13:55:51,656:INFO:Creating preprocessing pipeline
2020-08-09 13:55:55,491:INFO:Preprocessing pipeline created successfully
2020-08-09 13:55:55,491:INFO:No inverse transformer found
2020-08-09 13:55:55,492:INFO:Creating grid variables
2020-08-09 13:55:55,497:INFO:Creating global containers
2020-08-09 13:55:55,564:INFO:create_model_container: 0
2020-08-09 13:55:55,564:INFO:master_model_container: 0
2020-08-09 13:55:55,564:INFO:display_container: 0
2020-08-09 13:55:55,565:INFO:setup() succesfully completed......................................
2020-08-09 13:56:04,149:INFO:Initializing save_model()
2020-08-09 13:56:04,150:INFO:save_model(model=LinearRegression(copy_X=True, fit_intercept=True, n_jobs=-1, normalize=False), model_name=deployment_28042020, verbose=True)
2020-08-09 13:56:04,150:INFO:Appending prep pipeline
2020-08-09 13:56:04,303:INFO:deployment_28042020.pkl saved in current working directory
2020-08-09 13:56:04,318:INFO:[Pipeline(memory=None,
         steps=[('dtypes',
                 DataTypes_Auto_infer(categorical_features=[],
                                      display_types=True, features_todrop=[],
                                      ml_usecase='regression',
                                      numerical_features=[], target='charges',
                                      time_features=[])),
                ('imputer',
                 Simple_Imputer(categorical_strategy='not_available',
                                numeric_strategy='mean',
                                target_variable=None)),
                ('new_levels1',
                 New_Catagorical_Levels...
                ('rem_outliers', Empty()), ('cluster_all', Empty()),
                ('dummy', Dummify(target='charges')), ('fix_perfect', Empty()),
                ('clean_names', Clean_Colum_Names()),
                ('feature_select', Empty()), ('fix_multi', Empty()),
                ('dfs',
                 DFS_Classic(interactions=['multiply'], ml_usecase='regression',
                             random_state=123, subclass='binary',
                             target='charges',
                             top_features_to_pick_percentage=None)),
                ('pca', Empty())],
         verbose=False), LinearRegression(copy_X=True, fit_intercept=True, n_jobs=-1, normalize=False), None]
2020-08-09 13:56:04,318:INFO:save_model() succesfully completed......................................
